#
# A fatal error has been detected by the Java Runtime Environment:
#
#  EXCEPTION_ACCESS_VIOLATION (0xc0000005) at pc=0x00007ffdc9771d35, pid=11512, tid=1416
#
# JRE version: OpenJDK Runtime Environment Corretto-11.0.15.9.1 (11.0.15+9) (build 11.0.15+9-LTS)
# Java VM: OpenJDK 64-Bit Server VM Corretto-11.0.15.9.1 (11.0.15+9-LTS, mixed mode, tiered, compressed oops, g1 gc, windows-amd64)
# Problematic frame:
# C  [glfw.dll+0x1d35]
#
# No core dump will be written. Minidumps are not enabled by default on client versions of Windows
#
# If you would like to submit a bug report, please visit:
#   https://github.com/corretto/corretto-11/issues/
# The crash happened outside the Java Virtual Machine in native code.
# See problematic frame for where to report the bug.
#

---------------  S U M M A R Y ------------

Command Line: -Dfile.encoding=windows-1252 -Duser.country=US -Duser.language=en -Duser.variant Main

Host: 11th Gen Intel(R) Core(TM) i7-1165G7 @ 2.80GHz, 8 cores, 7G,  Windows 10 , 64 bit Build 19041 (10.0.19041.1706)
Time: Sun May 15 19:16:44 2022 Eastern Daylight Time elapsed time: 2.943161 seconds (0d 0h 0m 2s)

---------------  T H R E A D  ---------------

Current thread (0x00000219b20bf800):  JavaThread "main" [_thread_in_native, id=1416, stack(0x000000de85a00000,0x000000de85b00000)]

Stack: [0x000000de85a00000,0x000000de85b00000],  sp=0x000000de85afee38,  free space=1019k
Native frames: (J=compiled Java code, j=interpreted, Vv=VM code, C=native code)
C  [glfw.dll+0x1d35]

Java frames: (J=compiled Java code, j=interpreted, Vv=VM code)
j  org.lwjgl.system.JNI.invokePV(JJ)V+0
j  org.lwjgl.glfw.GLFW.glfwSwapBuffers(J)V+17
j  Jade.Window.init()V+95
j  Jade.Window.run()V+15
j  Main.main([Ljava/lang/String;)V+5
v  ~StubRoutines::call_stub

siginfo: EXCEPTION_ACCESS_VIOLATION (0xc0000005), reading address 0x0000000000000209


Register to memory mapping:

RIP=0x00007ffdc9771d35 glfw.dll
RAX=0x00007ffdc97e1380 lwjgl.dll
RBX={method} {0x00000219d1634a08} 'invokePV' '(JJ)V' in 'org/lwjgl/system/JNI'
RCX=0x0000000000000001 is an unknown value
RDX=0x000000de85afeed8 is pointing into the stack for thread: 0x00000219b20bf800
RSP=0x000000de85afee38 is pointing into the stack for thread: 0x00000219b20bf800
RBP=0x000000de85afeec8 is pointing into the stack for thread: 0x00000219b20bf800
RSI=0x0 is NULL
RDI=0x00000219ba82a4c3 is at code_begin+2307 in an Interpreter codelet
invoke return entry points  [0x00000219ba829bc0, 0x00000219ba82a5a0]  2528 bytes
R8 =0x0000000000000001 is an unknown value
R9 =0x00007ffdc9771d20 glfw.dll
R10=0x00000219ba82f6a8 is at code_begin+1000 in an Interpreter codelet
method entry point (kind = native)  [0x00000219ba82f2c0, 0x00000219ba82fd60]  2720 bytes
R11=0x000000008c52bdd8 is an oop: java.lang.Class 
{0x000000008c52bdd8} - klass: 'java/lang/Class'
R12=0x0 is NULL
R13={method} {0x00000219d1634a08} 'invokePV' '(JJ)V' in 'org/lwjgl/system/JNI'
R14=0x000000de85afef00 is pointing into the stack for thread: 0x00000219b20bf800
R15=0x00000219b20bf800 is a thread


Registers:
RAX=0x00007ffdc97e1380, RBX=0x00000219d1634a00, RCX=0x0000000000000001, RDX=0x000000de85afeed8
RSP=0x000000de85afee38, RBP=0x000000de85afeec8, RSI=0x0000000000000000, RDI=0x00000219ba82a4c3
R8 =0x0000000000000001, R9 =0x00007ffdc9771d20, R10=0x00000219ba82f6a8, R11=0x000000008c52bdd8
R12=0x0000000000000000, R13=0x00000219d1634a00, R14=0x000000de85afef00, R15=0x00000219b20bf800
RIP=0x00007ffdc9771d35, EFLAGS=0x0000000000010202

Top of Stack: (sp=0x000000de85afee38)
0x000000de85afee38:   00000219ba82f6d7 000000de85afee90
0x000000de85afee48:   0000000000000000 00000219b20bf800
0x000000de85afee58:   000000de85afeec8 00000219b20bf800
0x000000de85afee68:   00007ffd87a2ea1f 3ff0000000000000
0x000000de85afee78:   0000000000000000 000000de85afee80
0x000000de85afee88:   0000000000000000 000000de85afef00
0x000000de85afee98:   00000219d1665438 0000000000000000
0x000000de85afeea8:   000000008c52bdd8 00000219d1634a00
0x000000de85afeeb8:   0000000000000000 000000de85afeee8
0x000000de85afeec8:   000000de85afef50 00000219ba82a4c3
0x000000de85afeed8:   000000008c52bdd8 00000219ba82c698
0x000000de85afeee8:   00007ffdc9771d20 0000000000000000
0x000000de85afeef8:   0000000000000001 0000000000000000
0x000000de85afef08:   000000de85afef08 00000219d1615289
0x000000de85afef18:   000000de85afef78 00000219d16191f8
0x000000de85afef28:   0000000000000000 000000008c691e78 

Instructions: (pc=0x00007ffdc9771d35)
0x00007ffdc9771c35:   01 00 01 00 e8 f2 01 00 00 33 c0 48 83 c4 20 5b
0x00007ffdc9771c45:   c3 48 8d 0d df 65 05 00 e8 ee 94 00 00 48 85 c0
0x00007ffdc9771c55:   75 19 48 8d 15 42 9f 02 00 b9 02 00 01 00 e8 c8
0x00007ffdc9771c65:   01 00 00 33 c0 48 83 c4 20 5b c3 48 8b cb 48 83
0x00007ffdc9771c75:   c4 20 5b 48 ff a0 70 02 00 00 cc 40 53 48 83 ec
0x00007ffdc9771c85:   20 48 8b d9 48 8d 0d 9c 65 05 00 e8 ab 94 00 00
0x00007ffdc9771c95:   83 3d f4 4c 05 00 00 48 8b d0 75 11 33 d2 b9 01
0x00007ffdc9771ca5:   00 01 00 48 83 c4 20 5b e9 7e 01 00 00 48 85 db
0x00007ffdc9771cb5:   74 1f 83 bb 08 02 00 00 00 75 16 48 8d 15 49 9d
0x00007ffdc9771cc5:   02 00 b9 0a 00 01 00 48 83 c4 20 5b e9 5a 01 00
0x00007ffdc9771cd5:   00 48 85 d2 74 1b 48 85 db 74 0e 8b 80 0c 02 00
0x00007ffdc9771ce5:   00 39 83 0c 02 00 00 74 0d 33 c9 ff 92 50 02 00
0x00007ffdc9771cf5:   00 48 85 db 74 12 48 8b cb 48 8b 83 50 02 00 00
0x00007ffdc9771d05:   48 83 c4 20 5b 48 ff e0 48 83 c4 20 5b c3 cc cc
0x00007ffdc9771d15:   cc cc cc cc cc cc cc cc cc cc cc 83 3d 69 4c 05
0x00007ffdc9771d25:   00 00 75 0c 33 d2 b9 01 00 01 00 e9 fb 00 00 00
0x00007ffdc9771d35:   83 b9 08 02 00 00 00 75 11 48 8d 15 1b 9d 02 00
0x00007ffdc9771d45:   b9 0a 00 01 00 e9 e1 00 00 00 48 ff a1 58 02 00
0x00007ffdc9771d55:   00 cc cc cc cc cc cc cc cc cc cc 40 53 48 83 ec
0x00007ffdc9771d65:   20 83 3d 23 4c 05 00 00 8b d9 75 11 33 d2 b9 01
0x00007ffdc9771d75:   00 01 00 48 83 c4 20 5b e9 ae 00 00 00 48 8d 0d
0x00007ffdc9771d85:   a3 64 05 00 e8 b2 93 00 00 48 85 c0 75 16 48 8d
0x00007ffdc9771d95:   15 16 9d 02 00 b9 02 00 01 00 48 83 c4 20 5b e9
0x00007ffdc9771da5:   87 00 00 00 8b cb 48 83 c4 20 5b 48 ff a0 60 02
0x00007ffdc9771db5:   00 00 cc cc cc cc cc cc cc cc cc 48 89 54 24 10
0x00007ffdc9771dc5:   4c 89 44 24 18 4c 89 4c 24 20 53 56 57 48 83 ec
0x00007ffdc9771dd5:   30 48 8b da 48 8d 74 24 60 48 8b f9 e8 1a f2 ff
0x00007ffdc9771de5:   ff 48 89 74 24 28 4c 8b cb 49 c7 c0 ff ff ff ff
0x00007ffdc9771df5:   48 c7 44 24 20 00 00 00 00 48 8b d7 48 8b 08 e8
0x00007ffdc9771e05:   27 9a 01 00 48 83 c4 30 5f 5e 5b c3 cc cc cc cc
0x00007ffdc9771e15:   cc cc cc cc cc cc cc cc cc cc cc 48 8d 05 41 8b
0x00007ffdc9771e25:   05 00 c3 cc cc cc cc cc cc cc cc 4c 8b dc 49 89 


Stack slot to memory mapping:
stack at sp + 0 slots: 0x00000219ba82f6d7 is at code_begin+1047 in an Interpreter codelet
method entry point (kind = native)  [0x00000219ba82f2c0, 0x00000219ba82fd60]  2720 bytes
stack at sp + 1 slots: 0x000000de85afee90 is pointing into the stack for thread: 0x00000219b20bf800
stack at sp + 2 slots: 0x0 is NULL
stack at sp + 3 slots: 0x00000219b20bf800 is a thread
stack at sp + 4 slots: 0x000000de85afeec8 is pointing into the stack for thread: 0x00000219b20bf800
stack at sp + 5 slots: 0x00000219b20bf800 is a thread
stack at sp + 6 slots: 0x00007ffd87a2ea1f jvm.dll
stack at sp + 7 slots: 0x3ff0000000000000 is an unknown value


---------------  P R O C E S S  ---------------

Threads class SMR info:
_java_thread_list=0x00000219d1985d40, length=10, elements={
0x00000219b20bf800, 0x00000219d0ec9800, 0x00000219d0ed2800, 0x00000219d1833800,
0x00000219d0ed9800, 0x00000219d0edb800, 0x00000219d0edd000, 0x00000219d0ede000,
0x00000219d0ee0000, 0x00000219d199e000
}

Java Threads: ( => current thread )
=>0x00000219b20bf800 JavaThread "main" [_thread_in_native, id=1416, stack(0x000000de85a00000,0x000000de85b00000)]
  0x00000219d0ec9800 JavaThread "Reference Handler" daemon [_thread_blocked, id=16208, stack(0x000000de86100000,0x000000de86200000)]
  0x00000219d0ed2800 JavaThread "Finalizer" daemon [_thread_blocked, id=9388, stack(0x000000de86200000,0x000000de86300000)]
  0x00000219d1833800 JavaThread "Signal Dispatcher" daemon [_thread_blocked, id=11016, stack(0x000000de86300000,0x000000de86400000)]
  0x00000219d0ed9800 JavaThread "Attach Listener" daemon [_thread_blocked, id=2996, stack(0x000000de86400000,0x000000de86500000)]
  0x00000219d0edb800 JavaThread "Service Thread" daemon [_thread_blocked, id=4336, stack(0x000000de86500000,0x000000de86600000)]
  0x00000219d0edd000 JavaThread "C2 CompilerThread0" daemon [_thread_blocked, id=8684, stack(0x000000de86600000,0x000000de86700000)]
  0x00000219d0ede000 JavaThread "C1 CompilerThread0" daemon [_thread_blocked, id=14732, stack(0x000000de86700000,0x000000de86800000)]
  0x00000219d0ee0000 JavaThread "Sweeper thread" daemon [_thread_blocked, id=12320, stack(0x000000de86800000,0x000000de86900000)]
  0x00000219d199e000 JavaThread "Common-Cleaner" daemon [_thread_blocked, id=10224, stack(0x000000de86a00000,0x000000de86b00000)]

Other Threads:
  0x00000219d0eb6800 VMThread "VM Thread" [stack: 0x000000de86000000,0x000000de86100000] [id=6972]
  0x00000219d1995800 WatcherThread [stack: 0x000000de86900000,0x000000de86a00000] [id=12844]
  0x00000219b20d2800 GCTaskThread "GC Thread#0" [stack: 0x000000de85b00000,0x000000de85c00000] [id=1108]
  0x00000219b2101000 ConcurrentGCThread "G1 Main Marker" [stack: 0x000000de85c00000,0x000000de85d00000] [id=16044]
  0x00000219b2103800 ConcurrentGCThread "G1 Conc#0" [stack: 0x000000de85d00000,0x000000de85e00000] [id=6172]
  0x00000219b2195800 ConcurrentGCThread "G1 Refine#0" [stack: 0x000000de85e00000,0x000000de85f00000] [id=12188]
  0x00000219b2198000 ConcurrentGCThread "G1 Young RemSet Sampling" [stack: 0x000000de85f00000,0x000000de86000000] [id=14840]

Threads with active compile tasks:

VM state:not at safepoint (normal execution)

VM Mutex/Monitor currently owned by a thread: None

Heap address: 0x0000000085000000, size: 1968 MB, Compressed Oops mode: 32-bit
Narrow klass base: 0x0000000000000000, Narrow klass shift: 3
Compressed class space size: 1073741824 Address: 0x0000000100000000

Heap:
 garbage-first heap   total 126976K, used 6144K [0x0000000085000000, 0x0000000100000000)
  region size 1024K, 7 young (7168K), 0 survivors (0K)
 Metaspace       used 8224K, capacity 8374K, committed 8448K, reserved 1056768K
  class space    used 682K, capacity 753K, committed 768K, reserved 1048576K
Heap Regions: E=young(eden), S=young(survivor), O=old, HS=humongous(starts), HC=humongous(continues), CS=collection set, F=free, A=archive, TAMS=top-at-mark-start (previous, next)
|   0|0x0000000085000000, 0x0000000085000000, 0x0000000085100000|  0%| F|  |TAMS 0x0000000085000000, 0x0000000085000000| Untracked 
|   1|0x0000000085100000, 0x0000000085100000, 0x0000000085200000|  0%| F|  |TAMS 0x0000000085100000, 0x0000000085100000| Untracked 
|   2|0x0000000085200000, 0x0000000085200000, 0x0000000085300000|  0%| F|  |TAMS 0x0000000085200000, 0x0000000085200000| Untracked 
|   3|0x0000000085300000, 0x0000000085300000, 0x0000000085400000|  0%| F|  |TAMS 0x0000000085300000, 0x0000000085300000| Untracked 
|   4|0x0000000085400000, 0x0000000085400000, 0x0000000085500000|  0%| F|  |TAMS 0x0000000085400000, 0x0000000085400000| Untracked 
|   5|0x0000000085500000, 0x0000000085500000, 0x0000000085600000|  0%| F|  |TAMS 0x0000000085500000, 0x0000000085500000| Untracked 
|   6|0x0000000085600000, 0x0000000085600000, 0x0000000085700000|  0%| F|  |TAMS 0x0000000085600000, 0x0000000085600000| Untracked 
|   7|0x0000000085700000, 0x0000000085700000, 0x0000000085800000|  0%| F|  |TAMS 0x0000000085700000, 0x0000000085700000| Untracked 
|   8|0x0000000085800000, 0x0000000085800000, 0x0000000085900000|  0%| F|  |TAMS 0x0000000085800000, 0x0000000085800000| Untracked 
|   9|0x0000000085900000, 0x0000000085900000, 0x0000000085a00000|  0%| F|  |TAMS 0x0000000085900000, 0x0000000085900000| Untracked 
|  10|0x0000000085a00000, 0x0000000085a00000, 0x0000000085b00000|  0%| F|  |TAMS 0x0000000085a00000, 0x0000000085a00000| Untracked 
|  11|0x0000000085b00000, 0x0000000085b00000, 0x0000000085c00000|  0%| F|  |TAMS 0x0000000085b00000, 0x0000000085b00000| Untracked 
|  12|0x0000000085c00000, 0x0000000085c00000, 0x0000000085d00000|  0%| F|  |TAMS 0x0000000085c00000, 0x0000000085c00000| Untracked 
|  13|0x0000000085d00000, 0x0000000085d00000, 0x0000000085e00000|  0%| F|  |TAMS 0x0000000085d00000, 0x0000000085d00000| Untracked 
|  14|0x0000000085e00000, 0x0000000085e00000, 0x0000000085f00000|  0%| F|  |TAMS 0x0000000085e00000, 0x0000000085e00000| Untracked 
|  15|0x0000000085f00000, 0x0000000085f00000, 0x0000000086000000|  0%| F|  |TAMS 0x0000000085f00000, 0x0000000085f00000| Untracked 
|  16|0x0000000086000000, 0x0000000086000000, 0x0000000086100000|  0%| F|  |TAMS 0x0000000086000000, 0x0000000086000000| Untracked 
|  17|0x0000000086100000, 0x0000000086100000, 0x0000000086200000|  0%| F|  |TAMS 0x0000000086100000, 0x0000000086100000| Untracked 
|  18|0x0000000086200000, 0x0000000086200000, 0x0000000086300000|  0%| F|  |TAMS 0x0000000086200000, 0x0000000086200000| Untracked 
|  19|0x0000000086300000, 0x0000000086300000, 0x0000000086400000|  0%| F|  |TAMS 0x0000000086300000, 0x0000000086300000| Untracked 
|  20|0x0000000086400000, 0x0000000086400000, 0x0000000086500000|  0%| F|  |TAMS 0x0000000086400000, 0x0000000086400000| Untracked 
|  21|0x0000000086500000, 0x0000000086500000, 0x0000000086600000|  0%| F|  |TAMS 0x0000000086500000, 0x0000000086500000| Untracked 
|  22|0x0000000086600000, 0x0000000086600000, 0x0000000086700000|  0%| F|  |TAMS 0x0000000086600000, 0x0000000086600000| Untracked 
|  23|0x0000000086700000, 0x0000000086700000, 0x0000000086800000|  0%| F|  |TAMS 0x0000000086700000, 0x0000000086700000| Untracked 
|  24|0x0000000086800000, 0x0000000086800000, 0x0000000086900000|  0%| F|  |TAMS 0x0000000086800000, 0x0000000086800000| Untracked 
|  25|0x0000000086900000, 0x0000000086900000, 0x0000000086a00000|  0%| F|  |TAMS 0x0000000086900000, 0x0000000086900000| Untracked 
|  26|0x0000000086a00000, 0x0000000086a00000, 0x0000000086b00000|  0%| F|  |TAMS 0x0000000086a00000, 0x0000000086a00000| Untracked 
|  27|0x0000000086b00000, 0x0000000086b00000, 0x0000000086c00000|  0%| F|  |TAMS 0x0000000086b00000, 0x0000000086b00000| Untracked 
|  28|0x0000000086c00000, 0x0000000086c00000, 0x0000000086d00000|  0%| F|  |TAMS 0x0000000086c00000, 0x0000000086c00000| Untracked 
|  29|0x0000000086d00000, 0x0000000086d00000, 0x0000000086e00000|  0%| F|  |TAMS 0x0000000086d00000, 0x0000000086d00000| Untracked 
|  30|0x0000000086e00000, 0x0000000086e00000, 0x0000000086f00000|  0%| F|  |TAMS 0x0000000086e00000, 0x0000000086e00000| Untracked 
|  31|0x0000000086f00000, 0x0000000086f00000, 0x0000000087000000|  0%| F|  |TAMS 0x0000000086f00000, 0x0000000086f00000| Untracked 
|  32|0x0000000087000000, 0x0000000087000000, 0x0000000087100000|  0%| F|  |TAMS 0x0000000087000000, 0x0000000087000000| Untracked 
|  33|0x0000000087100000, 0x0000000087100000, 0x0000000087200000|  0%| F|  |TAMS 0x0000000087100000, 0x0000000087100000| Untracked 
|  34|0x0000000087200000, 0x0000000087200000, 0x0000000087300000|  0%| F|  |TAMS 0x0000000087200000, 0x0000000087200000| Untracked 
|  35|0x0000000087300000, 0x0000000087300000, 0x0000000087400000|  0%| F|  |TAMS 0x0000000087300000, 0x0000000087300000| Untracked 
|  36|0x0000000087400000, 0x0000000087400000, 0x0000000087500000|  0%| F|  |TAMS 0x0000000087400000, 0x0000000087400000| Untracked 
|  37|0x0000000087500000, 0x0000000087500000, 0x0000000087600000|  0%| F|  |TAMS 0x0000000087500000, 0x0000000087500000| Untracked 
|  38|0x0000000087600000, 0x0000000087600000, 0x0000000087700000|  0%| F|  |TAMS 0x0000000087600000, 0x0000000087600000| Untracked 
|  39|0x0000000087700000, 0x0000000087700000, 0x0000000087800000|  0%| F|  |TAMS 0x0000000087700000, 0x0000000087700000| Untracked 
|  40|0x0000000087800000, 0x0000000087800000, 0x0000000087900000|  0%| F|  |TAMS 0x0000000087800000, 0x0000000087800000| Untracked 
|  41|0x0000000087900000, 0x0000000087900000, 0x0000000087a00000|  0%| F|  |TAMS 0x0000000087900000, 0x0000000087900000| Untracked 
|  42|0x0000000087a00000, 0x0000000087a00000, 0x0000000087b00000|  0%| F|  |TAMS 0x0000000087a00000, 0x0000000087a00000| Untracked 
|  43|0x0000000087b00000, 0x0000000087b00000, 0x0000000087c00000|  0%| F|  |TAMS 0x0000000087b00000, 0x0000000087b00000| Untracked 
|  44|0x0000000087c00000, 0x0000000087c00000, 0x0000000087d00000|  0%| F|  |TAMS 0x0000000087c00000, 0x0000000087c00000| Untracked 
|  45|0x0000000087d00000, 0x0000000087d00000, 0x0000000087e00000|  0%| F|  |TAMS 0x0000000087d00000, 0x0000000087d00000| Untracked 
|  46|0x0000000087e00000, 0x0000000087e00000, 0x0000000087f00000|  0%| F|  |TAMS 0x0000000087e00000, 0x0000000087e00000| Untracked 
|  47|0x0000000087f00000, 0x0000000087f00000, 0x0000000088000000|  0%| F|  |TAMS 0x0000000087f00000, 0x0000000087f00000| Untracked 
|  48|0x0000000088000000, 0x0000000088000000, 0x0000000088100000|  0%| F|  |TAMS 0x0000000088000000, 0x0000000088000000| Untracked 
|  49|0x0000000088100000, 0x0000000088100000, 0x0000000088200000|  0%| F|  |TAMS 0x0000000088100000, 0x0000000088100000| Untracked 
|  50|0x0000000088200000, 0x0000000088200000, 0x0000000088300000|  0%| F|  |TAMS 0x0000000088200000, 0x0000000088200000| Untracked 
|  51|0x0000000088300000, 0x0000000088300000, 0x0000000088400000|  0%| F|  |TAMS 0x0000000088300000, 0x0000000088300000| Untracked 
|  52|0x0000000088400000, 0x0000000088400000, 0x0000000088500000|  0%| F|  |TAMS 0x0000000088400000, 0x0000000088400000| Untracked 
|  53|0x0000000088500000, 0x0000000088500000, 0x0000000088600000|  0%| F|  |TAMS 0x0000000088500000, 0x0000000088500000| Untracked 
|  54|0x0000000088600000, 0x0000000088600000, 0x0000000088700000|  0%| F|  |TAMS 0x0000000088600000, 0x0000000088600000| Untracked 
|  55|0x0000000088700000, 0x0000000088700000, 0x0000000088800000|  0%| F|  |TAMS 0x0000000088700000, 0x0000000088700000| Untracked 
|  56|0x0000000088800000, 0x0000000088800000, 0x0000000088900000|  0%| F|  |TAMS 0x0000000088800000, 0x0000000088800000| Untracked 
|  57|0x0000000088900000, 0x0000000088900000, 0x0000000088a00000|  0%| F|  |TAMS 0x0000000088900000, 0x0000000088900000| Untracked 
|  58|0x0000000088a00000, 0x0000000088a00000, 0x0000000088b00000|  0%| F|  |TAMS 0x0000000088a00000, 0x0000000088a00000| Untracked 
|  59|0x0000000088b00000, 0x0000000088b00000, 0x0000000088c00000|  0%| F|  |TAMS 0x0000000088b00000, 0x0000000088b00000| Untracked 
|  60|0x0000000088c00000, 0x0000000088c00000, 0x0000000088d00000|  0%| F|  |TAMS 0x0000000088c00000, 0x0000000088c00000| Untracked 
|  61|0x0000000088d00000, 0x0000000088d00000, 0x0000000088e00000|  0%| F|  |TAMS 0x0000000088d00000, 0x0000000088d00000| Untracked 
|  62|0x0000000088e00000, 0x0000000088e00000, 0x0000000088f00000|  0%| F|  |TAMS 0x0000000088e00000, 0x0000000088e00000| Untracked 
|  63|0x0000000088f00000, 0x0000000088f00000, 0x0000000089000000|  0%| F|  |TAMS 0x0000000088f00000, 0x0000000088f00000| Untracked 
|  64|0x0000000089000000, 0x0000000089000000, 0x0000000089100000|  0%| F|  |TAMS 0x0000000089000000, 0x0000000089000000| Untracked 
|  65|0x0000000089100000, 0x0000000089100000, 0x0000000089200000|  0%| F|  |TAMS 0x0000000089100000, 0x0000000089100000| Untracked 
|  66|0x0000000089200000, 0x0000000089200000, 0x0000000089300000|  0%| F|  |TAMS 0x0000000089200000, 0x0000000089200000| Untracked 
|  67|0x0000000089300000, 0x0000000089300000, 0x0000000089400000|  0%| F|  |TAMS 0x0000000089300000, 0x0000000089300000| Untracked 
|  68|0x0000000089400000, 0x0000000089400000, 0x0000000089500000|  0%| F|  |TAMS 0x0000000089400000, 0x0000000089400000| Untracked 
|  69|0x0000000089500000, 0x0000000089500000, 0x0000000089600000|  0%| F|  |TAMS 0x0000000089500000, 0x0000000089500000| Untracked 
|  70|0x0000000089600000, 0x0000000089600000, 0x0000000089700000|  0%| F|  |TAMS 0x0000000089600000, 0x0000000089600000| Untracked 
|  71|0x0000000089700000, 0x0000000089700000, 0x0000000089800000|  0%| F|  |TAMS 0x0000000089700000, 0x0000000089700000| Untracked 
|  72|0x0000000089800000, 0x0000000089800000, 0x0000000089900000|  0%| F|  |TAMS 0x0000000089800000, 0x0000000089800000| Untracked 
|  73|0x0000000089900000, 0x0000000089900000, 0x0000000089a00000|  0%| F|  |TAMS 0x0000000089900000, 0x0000000089900000| Untracked 
|  74|0x0000000089a00000, 0x0000000089a00000, 0x0000000089b00000|  0%| F|  |TAMS 0x0000000089a00000, 0x0000000089a00000| Untracked 
|  75|0x0000000089b00000, 0x0000000089b00000, 0x0000000089c00000|  0%| F|  |TAMS 0x0000000089b00000, 0x0000000089b00000| Untracked 
|  76|0x0000000089c00000, 0x0000000089c00000, 0x0000000089d00000|  0%| F|  |TAMS 0x0000000089c00000, 0x0000000089c00000| Untracked 
|  77|0x0000000089d00000, 0x0000000089d00000, 0x0000000089e00000|  0%| F|  |TAMS 0x0000000089d00000, 0x0000000089d00000| Untracked 
|  78|0x0000000089e00000, 0x0000000089e00000, 0x0000000089f00000|  0%| F|  |TAMS 0x0000000089e00000, 0x0000000089e00000| Untracked 
|  79|0x0000000089f00000, 0x0000000089f00000, 0x000000008a000000|  0%| F|  |TAMS 0x0000000089f00000, 0x0000000089f00000| Untracked 
|  80|0x000000008a000000, 0x000000008a000000, 0x000000008a100000|  0%| F|  |TAMS 0x000000008a000000, 0x000000008a000000| Untracked 
|  81|0x000000008a100000, 0x000000008a100000, 0x000000008a200000|  0%| F|  |TAMS 0x000000008a100000, 0x000000008a100000| Untracked 
|  82|0x000000008a200000, 0x000000008a200000, 0x000000008a300000|  0%| F|  |TAMS 0x000000008a200000, 0x000000008a200000| Untracked 
|  83|0x000000008a300000, 0x000000008a300000, 0x000000008a400000|  0%| F|  |TAMS 0x000000008a300000, 0x000000008a300000| Untracked 
|  84|0x000000008a400000, 0x000000008a400000, 0x000000008a500000|  0%| F|  |TAMS 0x000000008a400000, 0x000000008a400000| Untracked 
|  85|0x000000008a500000, 0x000000008a500000, 0x000000008a600000|  0%| F|  |TAMS 0x000000008a500000, 0x000000008a500000| Untracked 
|  86|0x000000008a600000, 0x000000008a600000, 0x000000008a700000|  0%| F|  |TAMS 0x000000008a600000, 0x000000008a600000| Untracked 
|  87|0x000000008a700000, 0x000000008a700000, 0x000000008a800000|  0%| F|  |TAMS 0x000000008a700000, 0x000000008a700000| Untracked 
|  88|0x000000008a800000, 0x000000008a800000, 0x000000008a900000|  0%| F|  |TAMS 0x000000008a800000, 0x000000008a800000| Untracked 
|  89|0x000000008a900000, 0x000000008a900000, 0x000000008aa00000|  0%| F|  |TAMS 0x000000008a900000, 0x000000008a900000| Untracked 
|  90|0x000000008aa00000, 0x000000008aa00000, 0x000000008ab00000|  0%| F|  |TAMS 0x000000008aa00000, 0x000000008aa00000| Untracked 
|  91|0x000000008ab00000, 0x000000008ab00000, 0x000000008ac00000|  0%| F|  |TAMS 0x000000008ab00000, 0x000000008ab00000| Untracked 
|  92|0x000000008ac00000, 0x000000008ac00000, 0x000000008ad00000|  0%| F|  |TAMS 0x000000008ac00000, 0x000000008ac00000| Untracked 
|  93|0x000000008ad00000, 0x000000008ad00000, 0x000000008ae00000|  0%| F|  |TAMS 0x000000008ad00000, 0x000000008ad00000| Untracked 
|  94|0x000000008ae00000, 0x000000008ae00000, 0x000000008af00000|  0%| F|  |TAMS 0x000000008ae00000, 0x000000008ae00000| Untracked 
|  95|0x000000008af00000, 0x000000008af00000, 0x000000008b000000|  0%| F|  |TAMS 0x000000008af00000, 0x000000008af00000| Untracked 
|  96|0x000000008b000000, 0x000000008b000000, 0x000000008b100000|  0%| F|  |TAMS 0x000000008b000000, 0x000000008b000000| Untracked 
|  97|0x000000008b100000, 0x000000008b100000, 0x000000008b200000|  0%| F|  |TAMS 0x000000008b100000, 0x000000008b100000| Untracked 
|  98|0x000000008b200000, 0x000000008b200000, 0x000000008b300000|  0%| F|  |TAMS 0x000000008b200000, 0x000000008b200000| Untracked 
|  99|0x000000008b300000, 0x000000008b300000, 0x000000008b400000|  0%| F|  |TAMS 0x000000008b300000, 0x000000008b300000| Untracked 
| 100|0x000000008b400000, 0x000000008b400000, 0x000000008b500000|  0%| F|  |TAMS 0x000000008b400000, 0x000000008b400000| Untracked 
| 101|0x000000008b500000, 0x000000008b500000, 0x000000008b600000|  0%| F|  |TAMS 0x000000008b500000, 0x000000008b500000| Untracked 
| 102|0x000000008b600000, 0x000000008b600000, 0x000000008b700000|  0%| F|  |TAMS 0x000000008b600000, 0x000000008b600000| Untracked 
| 103|0x000000008b700000, 0x000000008b700000, 0x000000008b800000|  0%| F|  |TAMS 0x000000008b700000, 0x000000008b700000| Untracked 
| 104|0x000000008b800000, 0x000000008b800000, 0x000000008b900000|  0%| F|  |TAMS 0x000000008b800000, 0x000000008b800000| Untracked 
| 105|0x000000008b900000, 0x000000008b900000, 0x000000008ba00000|  0%| F|  |TAMS 0x000000008b900000, 0x000000008b900000| Untracked 
| 106|0x000000008ba00000, 0x000000008ba00000, 0x000000008bb00000|  0%| F|  |TAMS 0x000000008ba00000, 0x000000008ba00000| Untracked 
| 107|0x000000008bb00000, 0x000000008bb00000, 0x000000008bc00000|  0%| F|  |TAMS 0x000000008bb00000, 0x000000008bb00000| Untracked 
| 108|0x000000008bc00000, 0x000000008bc00000, 0x000000008bd00000|  0%| F|  |TAMS 0x000000008bc00000, 0x000000008bc00000| Untracked 
| 109|0x000000008bd00000, 0x000000008bd00000, 0x000000008be00000|  0%| F|  |TAMS 0x000000008bd00000, 0x000000008bd00000| Untracked 
| 110|0x000000008be00000, 0x000000008be00000, 0x000000008bf00000|  0%| F|  |TAMS 0x000000008be00000, 0x000000008be00000| Untracked 
| 111|0x000000008bf00000, 0x000000008bf00000, 0x000000008c000000|  0%| F|  |TAMS 0x000000008bf00000, 0x000000008bf00000| Untracked 
| 112|0x000000008c000000, 0x000000008c000000, 0x000000008c100000|  0%| F|  |TAMS 0x000000008c000000, 0x000000008c000000| Untracked 
| 113|0x000000008c100000, 0x000000008c100000, 0x000000008c200000|  0%| F|  |TAMS 0x000000008c100000, 0x000000008c100000| Untracked 
| 114|0x000000008c200000, 0x000000008c200000, 0x000000008c300000|  0%| F|  |TAMS 0x000000008c200000, 0x000000008c200000| Untracked 
| 115|0x000000008c300000, 0x000000008c300000, 0x000000008c400000|  0%| F|  |TAMS 0x000000008c300000, 0x000000008c300000| Untracked 
| 116|0x000000008c400000, 0x000000008c400000, 0x000000008c500000|  0%| F|  |TAMS 0x000000008c400000, 0x000000008c400000| Untracked 
| 117|0x000000008c500000, 0x000000008c57d3d8, 0x000000008c600000| 48%| E|  |TAMS 0x000000008c500000, 0x000000008c500000| Complete 
| 118|0x000000008c600000, 0x000000008c700000, 0x000000008c700000|100%| E|CS|TAMS 0x000000008c600000, 0x000000008c600000| Complete 
| 119|0x000000008c700000, 0x000000008c800000, 0x000000008c800000|100%| E|CS|TAMS 0x000000008c700000, 0x000000008c700000| Complete 
| 120|0x000000008c800000, 0x000000008c900000, 0x000000008c900000|100%| E|CS|TAMS 0x000000008c800000, 0x000000008c800000| Complete 
| 121|0x000000008c900000, 0x000000008ca00000, 0x000000008ca00000|100%| E|CS|TAMS 0x000000008c900000, 0x000000008c900000| Complete 
| 122|0x000000008ca00000, 0x000000008cb00000, 0x000000008cb00000|100%| E|CS|TAMS 0x000000008ca00000, 0x000000008ca00000| Complete 
| 123|0x000000008cb00000, 0x000000008cc00000, 0x000000008cc00000|100%| E|CS|TAMS 0x000000008cb00000, 0x000000008cb00000| Complete 

Card table byte_map: [0x00000219c9f30000,0x00000219ca310000] _byte_map_base: 0x00000219c9b08000

Marking Bits (Prev, Next): (CMBitMap*) 0x00000219b20f8bd8, (CMBitMap*) 0x00000219b20f8c10
 Prev Bits: [0x00000219ca6f0000, 0x00000219cc5b0000)
 Next Bits: [0x00000219cc5b0000, 0x00000219ce470000)

Polling page: 0x00000219b0090000

Metaspace:

Usage:
  Non-class:      7.44 MB capacity,     7.36 MB ( 99%) used,    69.73 KB ( <1%) free+waste,    10.19 KB ( <1%) overhead. 
      Class:    753.00 KB capacity,   682.98 KB ( 91%) used,    64.83 KB (  9%) free+waste,     5.19 KB ( <1%) overhead. 
       Both:      8.18 MB capacity,     8.03 MB ( 98%) used,   134.55 KB (  2%) free+waste,    15.38 KB ( <1%) overhead. 

Virtual space:
  Non-class space:        8.00 MB reserved,       7.50 MB ( 94%) committed 
      Class space:        1.00 GB reserved,     768.00 KB ( <1%) committed 
             Both:        1.01 GB reserved,       8.25 MB ( <1%) committed 

Chunk freelists:
   Non-Class:  59.00 KB
       Class:  15.00 KB
        Both:  74.00 KB

MaxMetaspaceSize: 17179869184.00 GB
CompressedClassSpaceSize: 1.00 GB
Initial GC threshold: 20.80 MB
Current GC threshold: 20.80 MB
CDS: off

CodeHeap 'non-profiled nmethods': size=120000Kb used=170Kb max_used=170Kb free=119829Kb
 bounds [0x00000219c22f0000, 0x00000219c2560000, 0x00000219c9820000]
CodeHeap 'profiled nmethods': size=120000Kb used=747Kb max_used=747Kb free=119252Kb
 bounds [0x00000219badc0000, 0x00000219bb030000, 0x00000219c22f0000]
CodeHeap 'non-nmethods': size=5760Kb used=1515Kb max_used=1515Kb free=4244Kb
 bounds [0x00000219ba820000, 0x00000219baa90000, 0x00000219badc0000]
 total_blobs=1408 nmethods=531 adapters=790
 compilation: enabled
              stopped_count=0, restarted_count=0
 full_count=0

Compilation events (20 events):
Event: 2.396 Thread 0x00000219d0ede000  515       1       java.lang.reflect.Field::getDeclaringClass (5 bytes)
Event: 2.396 Thread 0x00000219d0ede000 nmethod 515 0x00000219c2319810 code [0x00000219c23199c0, 0x00000219c2319a78]
Event: 2.397 Thread 0x00000219d0ede000  521       3       java.lang.Integer::toUnsignedLong (7 bytes)
Event: 2.397 Thread 0x00000219d0ede000 nmethod 521 0x00000219bae78a90 code [0x00000219bae78c40, 0x00000219bae78d38]
Event: 2.397 Thread 0x00000219d0ede000  523       3       java.nio.ByteOrder::nativeOrder (4 bytes)
Event: 2.397 Thread 0x00000219d0ede000 nmethod 523 0x00000219bae78e10 code [0x00000219bae78fc0, 0x00000219bae790b8]
Event: 2.397 Thread 0x00000219d0ede000  524       3       org.lwjgl.system.MemoryUtil::write8 (19 bytes)
Event: 2.397 Thread 0x00000219d0ede000 nmethod 524 0x00000219bae79110 code [0x00000219bae792e0, 0x00000219bae79518]
Event: 2.397 Thread 0x00000219d0ede000  525       3       sun.misc.Unsafe::putByte (11 bytes)
Event: 2.398 Thread 0x00000219d0ede000 nmethod 525 0x00000219bae79610 code [0x00000219bae797c0, 0x00000219bae798b8]
Event: 2.398 Thread 0x00000219d0ede000  522       3       java.nio.Buffer::remaining (20 bytes)
Event: 2.398 Thread 0x00000219d0edd000  527       4       jdk.internal.misc.Unsafe::getByte (7 bytes)
Event: 2.398 Thread 0x00000219d0ede000 nmethod 522 0x00000219bae79990 code [0x00000219bae79b40, 0x00000219bae79c98]
Event: 2.398 Thread 0x00000219d0edd000 nmethod 527 0x00000219c2319f10 code [0x00000219c231a0a0, 0x00000219c231a118]
Event: 2.398 Thread 0x00000219d0ede000  528       3       sun.misc.Unsafe::putInt (11 bytes)
Event: 2.398 Thread 0x00000219d0ede000 nmethod 528 0x00000219bae79d10 code [0x00000219bae79ec0, 0x00000219bae79fb8]
Event: 2.398 Thread 0x00000219d0ede000  530       3       org.lwjgl.system.MemoryUtil::encodeASCIIUnsafe (53 bytes)
Event: 2.399 Thread 0x00000219d0ede000 nmethod 530 0x00000219bae7a090 code [0x00000219bae7a2a0, 0x00000219bae7a998]
Event: 2.406 Thread 0x00000219d0ede000  531       1       java.security.CodeSource::getLocation (5 bytes)
Event: 2.406 Thread 0x00000219d0ede000 nmethod 531 0x00000219c231a610 code [0x00000219c231a7c0, 0x00000219c231a878]

GC Heap History (0 events):
No events

Deoptimization events (10 events):
Event: 0.082 Thread 0x00000219b20bf800 Uncommon trap: trap_request=0xffffff4d fr.pc=0x00000219c22f47a0 relative=0x0000000000000180
Event: 0.082 Thread 0x00000219b20bf800 Uncommon trap: reason=unstable_if action=reinterpret pc=0x00000219c22f47a0 method=java.lang.String.hashCode()I @ 14 c2
Event: 0.082 Thread 0x00000219b20bf800 DEOPT PACKING pc=0x00000219c22f47a0 sp=0x000000de85afd2c0
Event: 0.082 Thread 0x00000219b20bf800 DEOPT UNPACKING pc=0x00000219ba8285af sp=0x000000de85afd258 mode 2
Event: 0.236 Thread 0x00000219b20bf800 DEOPT PACKING pc=0x00000219bae0feb8 sp=0x000000de85afae60
Event: 0.236 Thread 0x00000219b20bf800 DEOPT UNPACKING pc=0x00000219ba869d0e sp=0x000000de85afa2b8 mode 0
Event: 0.246 Thread 0x00000219b20bf800 DEOPT PACKING pc=0x00000219bae12da2 sp=0x000000de85afae50
Event: 0.246 Thread 0x00000219b20bf800 DEOPT UNPACKING pc=0x00000219ba869d0e sp=0x000000de85afa2b8 mode 0
Event: 0.256 Thread 0x00000219b20bf800 DEOPT PACKING pc=0x00000219bade7f50 sp=0x000000de85afaaf0
Event: 0.256 Thread 0x00000219b20bf800 DEOPT UNPACKING pc=0x00000219ba869d0e sp=0x000000de85af9f78 mode 0

Classes redefined (0 events):
No events

Internal exceptions (20 events):
Event: 2.310 Thread 0x00000219b20bf800 Exception <a 'java/lang/NoSuchMethodError'{0x000000008c789fd0}: 'java.lang.Object java.lang.invoke.Invokers$Holder.linkToTargetMethod(java.lang.Object, int, java.lang.Object)'> (0x000000008c789fd0) thrown at [./src/hotspot/share/interpreter/linkResolver.cpp, line 773]
Event: 2.311 Thread 0x00000219b20bf800 Exception <a 'java/lang/NoSuchMethodError'{0x000000008c79b3e8}: 'int java.lang.invoke.DirectMethodHandle$Holder.invokeStaticInit(java.lang.Object, java.lang.Object, long, long)'> (0x000000008c79b3e8) thrown at [./src/hotspot/share/interpreter/linkResolver.cpp, line 773]
Event: 2.313 Thread 0x00000219b20bf800 Exception <a 'java/lang/NoSuchMethodError'{0x000000008c7a6b48}: 'java.lang.Object java.lang.invoke.Invokers$Holder.linkToTargetMethod(java.lang.Object, long, java.lang.Object)'> (0x000000008c7a6b48) thrown at [./src/hotspot/share/interpreter/linkResolver.cpp, line 773]
Event: 2.313 Thread 0x00000219b20bf800 Exception <a 'java/lang/NoSuchMethodError'{0x000000008c7acd38}: 'int java.lang.invoke.DirectMethodHandle$Holder.invokeStaticInit(java.lang.Object, java.lang.Object, java.lang.Object, long)'> (0x000000008c7acd38) thrown at [./src/hotspot/share/interpreter/linkResolver.cpp, line 773]
Event: 2.319 Thread 0x00000219b20bf800 Exception <a 'java/security/PrivilegedActionException'{0x000000008c7c1ff0}> (0x000000008c7c1ff0) thrown at [./src/hotspot/share/prims/jvm.cpp, line 1306]
Event: 2.319 Thread 0x00000219b20bf800 Exception <a 'java/security/PrivilegedActionException'{0x000000008c7c22c0}> (0x000000008c7c22c0) thrown at [./src/hotspot/share/prims/jvm.cpp, line 1306]
Event: 2.319 Thread 0x00000219b20bf800 Exception <a 'java/security/PrivilegedActionException'{0x000000008c7c40c8}> (0x000000008c7c40c8) thrown at [./src/hotspot/share/prims/jvm.cpp, line 1306]
Event: 2.319 Thread 0x00000219b20bf800 Exception <a 'java/security/PrivilegedActionException'{0x000000008c7c4398}> (0x000000008c7c4398) thrown at [./src/hotspot/share/prims/jvm.cpp, line 1306]
Event: 2.319 Thread 0x00000219b20bf800 Exception <a 'java/security/PrivilegedActionException'{0x000000008c7c61d8}> (0x000000008c7c61d8) thrown at [./src/hotspot/share/prims/jvm.cpp, line 1306]
Event: 2.319 Thread 0x00000219b20bf800 Exception <a 'java/security/PrivilegedActionException'{0x000000008c7c64a8}> (0x000000008c7c64a8) thrown at [./src/hotspot/share/prims/jvm.cpp, line 1306]
Event: 2.319 Thread 0x00000219b20bf800 Exception <a 'java/security/PrivilegedActionException'{0x000000008c7c82e8}> (0x000000008c7c82e8) thrown at [./src/hotspot/share/prims/jvm.cpp, line 1306]
Event: 2.319 Thread 0x00000219b20bf800 Exception <a 'java/security/PrivilegedActionException'{0x000000008c7c85b8}> (0x000000008c7c85b8) thrown at [./src/hotspot/share/prims/jvm.cpp, line 1306]
Event: 2.319 Thread 0x00000219b20bf800 Exception <a 'java/security/PrivilegedActionException'{0x000000008c7ca3a8}> (0x000000008c7ca3a8) thrown at [./src/hotspot/share/prims/jvm.cpp, line 1306]
Event: 2.319 Thread 0x00000219b20bf800 Exception <a 'java/security/PrivilegedActionException'{0x000000008c7ca678}> (0x000000008c7ca678) thrown at [./src/hotspot/share/prims/jvm.cpp, line 1306]
Event: 2.337 Thread 0x00000219b20bf800 Exception <a 'sun/nio/fs/WindowsException'{0x000000008c6b6ba0}> (0x000000008c6b6ba0) thrown at [./src/hotspot/share/prims/jni.cpp, line 617]
Event: 2.337 Thread 0x00000219b20bf800 Exception <a 'sun/nio/fs/WindowsException'{0x000000008c6b6e68}> (0x000000008c6b6e68) thrown at [./src/hotspot/share/prims/jni.cpp, line 617]
Event: 2.338 Thread 0x00000219b20bf800 Exception <a 'sun/nio/fs/WindowsException'{0x000000008c6b7998}> (0x000000008c6b7998) thrown at [./src/hotspot/share/prims/jni.cpp, line 617]
Event: 2.338 Thread 0x00000219b20bf800 Exception <a 'sun/nio/fs/WindowsException'{0x000000008c6bed80}> (0x000000008c6bed80) thrown at [./src/hotspot/share/prims/jni.cpp, line 617]
Event: 2.388 Thread 0x00000219b20bf800 Exception <a 'sun/nio/fs/WindowsException'{0x000000008c6c1af0}> (0x000000008c6c1af0) thrown at [./src/hotspot/share/prims/jni.cpp, line 617]
Event: 2.388 Thread 0x00000219b20bf800 Exception <a 'sun/nio/fs/WindowsException'{0x000000008c6c1e50}> (0x000000008c6c1e50) thrown at [./src/hotspot/share/prims/jni.cpp, line 617]

Events (20 events):
Event: 2.388 loading class org/lwjgl/system/APIUtil$1
Event: 2.388 loading class org/lwjgl/system/APIUtil$1 done
Event: 2.388 loading class java/lang/NoSuchFieldError
Event: 2.388 loading class java/lang/NoSuchFieldError done
Event: 2.389 loading class org/lwjgl/system/windows/WindowsLibrary
Event: 2.389 loading class org/lwjgl/system/windows/WindowsLibrary done
Event: 2.389 loading class org/lwjgl/system/SharedLibrary$Default
Event: 2.389 loading class org/lwjgl/system/SharedLibrary$Default done
Event: 2.390 loading class org/lwjgl/system/windows/WinBase
Event: 2.390 loading class org/lwjgl/system/windows/WinBase done
Event: 2.390 loading class org/lwjgl/system/ThreadLocalUtil
Event: 2.390 loading class org/lwjgl/system/ThreadLocalUtil done
Event: 2.394 loading class jdk/internal/reflect/UnsafeQualifiedStaticIntegerFieldAccessorImpl
Event: 2.394 loading class jdk/internal/reflect/UnsafeQualifiedStaticIntegerFieldAccessorImpl done
Event: 2.396 loading class org/lwjgl/glfw/GLFW$Functions
Event: 2.396 loading class org/lwjgl/glfw/GLFW$Functions done
Event: 2.398 loading class org/lwjgl/system/JNI
Event: 2.398 loading class org/lwjgl/system/JNI done
Event: 2.405 loading class org/lwjgl/glfw/EventLoop
Event: 2.405 loading class org/lwjgl/glfw/EventLoop done


Dynamic libraries:
0x00007ff784120000 - 0x00007ff78412d000 	C:\Users\houch\.jdks\corretto-11.0.15\bin\java.exe
0x00007ffdd9a70000 - 0x00007ffdd9c65000 	C:\windows\SYSTEM32\ntdll.dll
0x00007ffdd7e70000 - 0x00007ffdd7f2d000 	C:\windows\System32\KERNEL32.DLL
0x00007ffdd74a0000 - 0x00007ffdd776d000 	C:\windows\System32\KERNELBASE.dll
0x00007ffdd7910000 - 0x00007ffdd7a10000 	C:\windows\System32\ucrtbase.dll
0x00007ffdc9880000 - 0x00007ffdc9897000 	C:\Users\houch\.jdks\corretto-11.0.15\bin\jli.dll
0x00007ffdc8310000 - 0x00007ffdc8329000 	C:\Users\houch\.jdks\corretto-11.0.15\bin\VCRUNTIME140.dll
0x00007ffdd9650000 - 0x00007ffdd97f0000 	C:\windows\System32\USER32.dll
0x00007ffdd72e0000 - 0x00007ffdd7302000 	C:\windows\System32\win32u.dll
0x00007ffdca9f0000 - 0x00007ffdcac8a000 	C:\windows\WinSxS\amd64_microsoft.windows.common-controls_6595b64144ccf1df_6.0.19041.1110_none_60b5254171f9507e\COMCTL32.dll
0x00007ffdd9180000 - 0x00007ffdd91aa000 	C:\windows\System32\GDI32.dll
0x00007ffdd97f0000 - 0x00007ffdd988e000 	C:\windows\System32\msvcrt.dll
0x00007ffdd7180000 - 0x00007ffdd728b000 	C:\windows\System32\gdi32full.dll
0x00007ffdd7770000 - 0x00007ffdd780d000 	C:\windows\System32\msvcp_win.dll
0x00007ffdd9a00000 - 0x00007ffdd9a30000 	C:\windows\System32\IMM32.DLL
0x00007ffdac820000 - 0x00007ffdac8bb000 	C:\Users\houch\.jdks\corretto-11.0.15\bin\msvcp140.dll
0x00007ffd87460000 - 0x00007ffd87fe3000 	C:\Users\houch\.jdks\corretto-11.0.15\bin\server\jvm.dll
0x00007ffdd8680000 - 0x00007ffdd872e000 	C:\windows\System32\ADVAPI32.dll
0x00007ffdd9960000 - 0x00007ffdd99fc000 	C:\windows\System32\sechost.dll
0x00007ffdd7b20000 - 0x00007ffdd7c45000 	C:\windows\System32\RPCRT4.dll
0x00007ffdd9260000 - 0x00007ffdd9268000 	C:\windows\System32\PSAPI.DLL
0x00007ffdd2d30000 - 0x00007ffdd2d39000 	C:\windows\SYSTEM32\WSOCK32.dll
0x00007ffdbc100000 - 0x00007ffdbc127000 	C:\windows\SYSTEM32\WINMM.dll
0x00007ffdcee60000 - 0x00007ffdcee6a000 	C:\windows\SYSTEM32\VERSION.dll
0x00007ffdd9110000 - 0x00007ffdd917b000 	C:\windows\System32\WS2_32.dll
0x00007ffdd59d0000 - 0x00007ffdd59e2000 	C:\windows\SYSTEM32\kernel.appcore.dll
0x00007ffdcc7f0000 - 0x00007ffdcc800000 	C:\Users\houch\.jdks\corretto-11.0.15\bin\verify.dll
0x00007ffdd5690000 - 0x00007ffdd5874000 	C:\windows\SYSTEM32\DBGHELP.DLL
0x00007ffdb99c0000 - 0x00007ffdb99ec000 	C:\windows\SYSTEM32\dbgcore.DLL
0x00007ffdd7810000 - 0x00007ffdd7892000 	C:\windows\System32\bcryptPrimitives.dll
0x00007ffdbe300000 - 0x00007ffdbe328000 	C:\Users\houch\.jdks\corretto-11.0.15\bin\java.dll
0x00007ffdcc720000 - 0x00007ffdcc72a000 	C:\Users\houch\.jdks\corretto-11.0.15\bin\jimage.dll
0x00007ffdbe2e0000 - 0x00007ffdbe2f8000 	C:\Users\houch\.jdks\corretto-11.0.15\bin\zip.dll
0x00007ffdd7f30000 - 0x00007ffdd8674000 	C:\windows\System32\SHELL32.dll
0x00007ffdd4e20000 - 0x00007ffdd55b4000 	C:\windows\SYSTEM32\windows.storage.dll
0x00007ffdd9290000 - 0x00007ffdd95e4000 	C:\windows\System32\combase.dll
0x00007ffdd6be0000 - 0x00007ffdd6c0c000 	C:\windows\SYSTEM32\Wldp.dll
0x00007ffdd91b0000 - 0x00007ffdd925d000 	C:\windows\System32\SHCORE.dll
0x00007ffdd87c0000 - 0x00007ffdd8815000 	C:\windows\System32\shlwapi.dll
0x00007ffdd70c0000 - 0x00007ffdd70df000 	C:\windows\SYSTEM32\profapi.dll
0x00007ffdbe2c0000 - 0x00007ffdbe2d9000 	C:\Users\houch\.jdks\corretto-11.0.15\bin\net.dll
0x00007ffdd2120000 - 0x00007ffdd222a000 	C:\windows\SYSTEM32\WINHTTP.dll
0x00007ffdd6940000 - 0x00007ffdd69aa000 	C:\windows\system32\mswsock.dll
0x00007ffdba000000 - 0x00007ffdba013000 	C:\Users\houch\.jdks\corretto-11.0.15\bin\nio.dll
0x00007ffdc97e0000 - 0x00007ffdc9855000 	C:\Users\houch\AppData\Local\Temp\lwjglhouch\3.3.1-build-7\lwjgl.dll
0x00007ffdc9770000 - 0x00007ffdc97d1000 	C:\Users\houch\AppData\Local\Temp\lwjglhouch\3.3.1-build-7\glfw.dll
0x00007ffdd2820000 - 0x00007ffdd2865000 	C:\windows\SYSTEM32\dinput8.dll
0x00007ffdd04c0000 - 0x00007ffdd04d1000 	C:\windows\SYSTEM32\xinput1_4.dll
0x00007ffdd7290000 - 0x00007ffdd72de000 	C:\windows\System32\cfgmgr32.dll
0x00007ffdd6f30000 - 0x00007ffdd6f5c000 	C:\windows\SYSTEM32\DEVOBJ.dll
0x00007ffdd4850000 - 0x00007ffdd487f000 	C:\windows\SYSTEM32\dwmapi.dll
0x00007ffdce650000 - 0x00007ffdce7a2000 	C:\windows\SYSTEM32\inputhost.dll
0x00007ffdd9890000 - 0x00007ffdd995d000 	C:\windows\System32\OLEAUT32.dll
0x00007ffdd4410000 - 0x00007ffdd4502000 	C:\windows\SYSTEM32\CoreMessaging.dll
0x00007ffdd2d50000 - 0x00007ffdd2ea4000 	C:\windows\SYSTEM32\wintypes.dll
0x00007ffdd28b0000 - 0x00007ffdd29a6000 	C:\windows\SYSTEM32\PROPSYS.dll
0x00007ffdd40b0000 - 0x00007ffdd440e000 	C:\windows\SYSTEM32\CoreUIComponents.dll
0x00007ffdd5e50000 - 0x00007ffdd5e83000 	C:\windows\SYSTEM32\ntmarta.dll
0x00007ffdd4720000 - 0x00007ffdd47be000 	C:\windows\system32\uxtheme.dll
0x00007ffdd8e80000 - 0x00007ffdd8f95000 	C:\windows\System32\MSCTF.dll
0x00007ffdbe330000 - 0x00007ffdbe456000 	C:\windows\SYSTEM32\opengl32.dll
0x00007ffdd00a0000 - 0x00007ffdd00cc000 	C:\windows\SYSTEM32\GLU32.dll
0x00007ffdd8820000 - 0x00007ffdd88c9000 	C:\windows\System32\clbcatq.dll
0x00007ffd7aae0000 - 0x00007ffd7ba5e000 	C:\windows\System32\DriverStore\FileRepository\iigd_dch.inf_amd64_866b9ec064e2d40d\ig12icd64.dll
0x00007ffdd8d50000 - 0x00007ffdd8e7a000 	C:\windows\System32\ole32.dll
0x00007ffdd5a40000 - 0x00007ffdd5b33000 	C:\windows\system32\dxgi.dll
0x00007ffd87070000 - 0x00007ffd8745b000 	C:\windows\System32\DriverStore\FileRepository\iigd_dch.inf_amd64_866b9ec064e2d40d\igdml64.dll
0x00007ffdcdbb0000 - 0x00007ffdcde78000 	C:\windows\System32\DriverStore\FileRepository\iigd_dch.inf_amd64_866b9ec064e2d40d\igdgmm64.dll
0x00007ffdc45c0000 - 0x00007ffdc7176000 	C:\windows\System32\DriverStore\FileRepository\iigd_dch.inf_amd64_866b9ec064e2d40d\igc64.dll
0x00007ffdd6750000 - 0x00007ffdd679b000 	C:\windows\SYSTEM32\powrprof.dll
0x00007ffdd65c0000 - 0x00007ffdd65d2000 	C:\windows\SYSTEM32\UMPDC.dll

dbghelp: loaded successfully - version: 4.0.5 - missing functions: none
symbol engine: initialized successfully - sym options: 0x614 - pdb path: .;C:\Users\houch\.jdks\corretto-11.0.15\bin;C:\windows\SYSTEM32;C:\windows\WinSxS\amd64_microsoft.windows.common-controls_6595b64144ccf1df_6.0.19041.1110_none_60b5254171f9507e;C:\Users\houch\.jdks\corretto-11.0.15\bin\server;C:\Users\houch\AppData\Local\Temp\lwjglhouch\3.3.1-build-7;C:\windows\System32\DriverStore\FileRepository\iigd_dch.inf_amd64_866b9ec064e2d40d

VM Arguments:
jvm_args: -Dfile.encoding=windows-1252 -Duser.country=US -Duser.language=en -Duser.variant 
java_command: Main
java_class_path (initial): C:\Users\houch\IdeaProjects\2D-GameEngine\build\classes\java\main;C:\Users\houch\IdeaProjects\2D-GameEngine\build\resources\main;C:\Users\houch\.gradle\caches\modules-2\files-2.1\org.lwjgl\lwjgl-assimp\3.3.1\312072f451794f25670aebb0160ce6ec88aff842\lwjgl-assimp-3.3.1.jar;C:\Users\houch\.gradle\caches\modules-2\files-2.1\org.lwjgl\lwjgl-assimp\3.3.1\bfa2a0d57acbf952b716d0ad8a3acbd7ad9f5639\lwjgl-assimp-3.3.1-natives-windows.jar;C:\Users\houch\.gradle\caches\modules-2\files-2.1\org.lwjgl\lwjgl-glfw\3.3.1\cbac1b8d30cb4795149c1ef540f912671a8616d0\lwjgl-glfw-3.3.1.jar;C:\Users\houch\.gradle\caches\modules-2\files-2.1\org.lwjgl\lwjgl-glfw\3.3.1\ed892f945cf7e79c8756796f32d00fa4ceaf573b\lwjgl-glfw-3.3.1-natives-windows.jar;C:\Users\houch\.gradle\caches\modules-2\files-2.1\org.lwjgl\lwjgl-openal\3.3.1\2623a6b8ae1dfcd880738656a9f0243d2e6840bd\lwjgl-openal-3.3.1.jar;C:\Users\houch\.gradle\caches\modules-2\files-2.1\org.lwjgl\lwjgl-openal\3.3.1\30a474d0e57193d7bc128849a3ab66bc9316fdb1\lwjgl-openal-3.3.1-natives-windows.jar;C:\Users\houch\.gradle\caches\modules-2\files-2.1\org.lwjgl\lwjgl-opengl\3.3.1\831a5533a21a5f4f81bbc51bb13e9899319b5411\lwjgl-opengl-3.3.1.jar;C:\Users\houch\.gradle\caches\modules-2\files-2.1\org.lwjgl\lwjgl-opengl\3.3.1\c1807e9bd571402787d7e37e3029776ae2513bb8\lwjgl-opengl-3.3.1-natives-windows.jar;C:\Users\houch\.gradle\caches\modules-2\files-2.1\org.lwjgl\lwjgl-stb\3.3.1\b119297cf8ed01f247abe8685857f8e7fcf5980f\lwjgl-stb-3.3.1.jar;C:\Users\houch\.gradle\caches\modules-2\files-2.1\org.lwjgl\lwjgl-stb\3.3.1\86315914ac119efdb02dc9e8e978ade84f1702af\lwjgl-stb-3.3.1-natives-windows.jar;C:\Users\houch\.gradle\caches\modules-2\files-2.1\org.lwjgl\lwjgl\3.3.1\ae58664f88e18a9bb2c77b063833ca7aaec484cb\lwjgl-3.3.1.jar;C:\Users\houch\.gradle\caches\modules-2\files-2.1\org.lwjgl\lwjgl\3.3.1\36c37f16ab611b3aa11f3bcf80b1d509b4ce6b\lwjgl-3.3.1-natives-windows.jar;C:\Users\houch\.gradle\caches\modules-2\files-2.1\org.joml\joml\1.10.4\19cb0a0f0
Launcher Type: SUN_STANDARD

[Global flags]
     intx CICompilerCount                          = 4                                         {product} {ergonomic}
     uint ConcGCThreads                            = 2                                         {product} {ergonomic}
     uint G1ConcRefinementThreads                  = 8                                         {product} {ergonomic}
   size_t G1HeapRegionSize                         = 1048576                                   {product} {ergonomic}
    uintx GCDrainStackTargetSize                   = 64                                        {product} {ergonomic}
   size_t InitialHeapSize                          = 130023424                                 {product} {ergonomic}
   size_t MarkStackSize                            = 4194304                                   {product} {ergonomic}
   size_t MaxHeapSize                              = 2063597568                                {product} {ergonomic}
   size_t MaxNewSize                               = 1237319680                                {product} {ergonomic}
   size_t MinHeapDeltaBytes                        = 1048576                                   {product} {ergonomic}
    uintx NonNMethodCodeHeapSize                   = 5836300                                {pd product} {ergonomic}
    uintx NonProfiledCodeHeapSize                  = 122910970                              {pd product} {ergonomic}
    uintx ProfiledCodeHeapSize                     = 122910970                              {pd product} {ergonomic}
    uintx ReservedCodeCacheSize                    = 251658240                              {pd product} {ergonomic}
     bool SegmentedCodeCache                       = true                                      {product} {ergonomic}
     bool UseCompressedClassPointers               = true                                 {lp64_product} {ergonomic}
     bool UseCompressedOops                        = true                                 {lp64_product} {ergonomic}
     bool UseG1GC                                  = true                                      {product} {ergonomic}
     bool UseLargePagesIndividualAllocation        = false                                  {pd product} {ergonomic}

Logging:
Log output configuration:
 #0: stdout all=warning uptime,level,tags
 #1: stderr all=off uptime,level,tags

Environment Variables:
PATH=C:\windows\system32;C:\windows;C:\windows\System32\Wbem;C:\windows\System32\WindowsPowerShell\v1.0\;C:\windows\System32\OpenSSH\;C:\Program Files\Git\cmd;C:\Program Files\nodejs\;C:\Program Files\Docker\Docker\resources\bin;C:\ProgramData\DockerDesktop\version-bin;C:\Users\houch\AppData\Local\Programs\Python\Python310\Scripts\;C:\Users\houch\AppData\Local\Programs\Python\Python310\;C:\Users\houch\AppData\Local\Microsoft\WindowsApps;C:\Users\houch\AppData\Local\Programs\Microsoft VS Code\bin;C:\Users\houch\AppData\Roaming\npm;C:\Users\houch\AppData\Local\GitHubDesktop\bin
USERNAME=houch
OS=Windows_NT
PROCESSOR_IDENTIFIER=Intel64 Family 6 Model 140 Stepping 1, GenuineIntel



---------------  S Y S T E M  ---------------

OS: Windows 10 , 64 bit Build 19041 (10.0.19041.1706)
OS uptime: 4 days 3:42 hours
Hyper-V role detected

CPU:total 8 (initial active 8) (4 cores per cpu, 2 threads per core) family 6 model 140 stepping 1 microcode 0x9a, cmov, cx8, fxsr, mmx, sse, sse2, sse3, ssse3, sse4.1, sse4.2, popcnt, avx, avx2, aes, clmul, erms, 3dnowpref, lzcnt, ht, tsc, tscinvbit, bmi1, bmi2, adx, evex, sha, fma

Memory: 4k page, system-wide physical 7865M (970M free)
TotalPageFile size 16569M (AvailPageFile size 7811M)
current process WorkingSet (physical memory assigned to process): 129M, peak: 130M
current process commit charge ("private bytes"): 235M, peak: 235M

vm_info: OpenJDK 64-Bit Server VM (11.0.15+9-LTS) for windows-amd64 JRE (11.0.15+9-LTS), built on Apr 15 2022 22:20:31 by "Administrator" with unknown MS VC++:1916

END.
